<?xml version="1.0" encoding="UTF-8"?>
<testng-results skipped="0" failed="0" ignored="0" total="1" passed="1">
  <reporter-output>
  </reporter-output>
  <suite name="Test Free CRM Suite" duration-ms="48621" started-at="2018-02-20T01:42:19Z" finished-at="2018-02-20T01:43:07Z">
    <groups>
      <group name="cucumber">
        <method signature="AbstractTestNGCucumberTests.feature(cucumber.api.testng.CucumberFeatureWrapper)[pri:0, instance:Runner.testNGRunner@12c8a2c0]" name="feature" class="cucumber.api.testng.AbstractTestNGCucumberTests"/>
      </group> <!-- cucumber -->
    </groups>
    <test name="Free CRM App Test Classes" duration-ms="48621" started-at="2018-02-20T01:42:19Z" finished-at="2018-02-20T01:43:07Z">
      <class name="Runner.testNGRunner">
        <test-method status="PASS" signature="setUpClass()[pri:0, instance:Runner.testNGRunner@12c8a2c0]" name="setUpClass" is-config="true" duration-ms="652" started-at="2018-02-19T19:42:19Z" finished-at="2018-02-19T19:42:19Z">
          <reporter-output>
          </reporter-output>
        </test-method> <!-- setUpClass -->
        <test-method status="PASS" signature="feature(cucumber.api.testng.CucumberFeatureWrapper)[pri:0, instance:Runner.testNGRunner@12c8a2c0]" name="feature" duration-ms="47560" started-at="2018-02-19T19:42:20Z" description="Runs Cucumber Feature" data-provider="features" finished-at="2018-02-19T19:43:07Z">
          <params>
            <param index="0">
              <value>
                <![CDATA[Deal Map Data creation]]>
              </value>
            </param>
          </params>
          <reporter-output>
          </reporter-output>
        </test-method> <!-- feature -->
        <test-method status="PASS" signature="tearDownClass()[pri:0, instance:Runner.testNGRunner@12c8a2c0]" name="tearDownClass" is-config="true" duration-ms="137" started-at="2018-02-19T19:43:07Z" finished-at="2018-02-19T19:43:07Z">
          <reporter-output>
          </reporter-output>
        </test-method> <!-- tearDownClass -->
      </class> <!-- Runner.testNGRunner -->
    </test> <!-- Free CRM App Test Classes -->
  </suite> <!-- Test Free CRM Suite -->
</testng-results>
